<?xml version="1.0" encoding="UTF-8"?>
<testng-results skipped="0" failed="0" ignored="0" total="1" passed="1">
  <reporter-output>
    <line>
      <![CDATA[Setting up reports and test is getting ready]]>
    </line>
    <line>
      <![CDATA[Setting done- Test can be started]]>
    </line>
    <line>
      <![CDATA[Test is about to end]]>
    </line>
    <line>
      <![CDATA[Test Completed >>>> Reports Generated]]>
    </line>
  </reporter-output>
  <suite name="Default suite" duration-ms="54808" started-at="2021-03-16T12:03:38 IST" finished-at="2021-03-16T12:04:33 IST">
    <groups>
    </groups>
    <test name="Default test" duration-ms="54808" started-at="2021-03-16T12:03:38 IST" finished-at="2021-03-16T12:04:33 IST">
      <class name="com.MS.Zeenyx.Testcases.Zeenyx_RequestInformation">
        <test-method status="PASS" signature="SetUpSuite()[pri:0, instance:com.MS.Zeenyx.Testcases.Zeenyx_RequestInformation@4493d195]" name="SetUpSuite" is-config="true" duration-ms="214" started-at="2021-03-16T12:03:38 IST" finished-at="2021-03-16T12:03:38 IST">
          <reporter-output>
            <line>
              <![CDATA[Setting up reports and test is getting ready]]>
            </line>
            <line>
              <![CDATA[Setting done- Test can be started]]>
            </line>
          </reporter-output>
        </test-method> <!-- SetUpSuite -->
        <test-method status="PASS" signature="AppOnStart()[pri:0, instance:com.MS.Zeenyx.Testcases.Zeenyx_RequestInformation@4493d195]" name="AppOnStart" is-config="true" duration-ms="25240" started-at="2021-03-16T12:03:38 IST" finished-at="2021-03-16T12:04:04 IST">
          <reporter-output>
          </reporter-output>
        </test-method> <!-- AppOnStart -->
        <test-method status="PASS" signature="ZeenyxTestcase(java.lang.String, java.lang.String, java.lang.String, java.lang.String, java.lang.String)[pri:0, instance:com.MS.Zeenyx.Testcases.Zeenyx_RequestInformation@4493d195]" name="ZeenyxTestcase" duration-ms="10740" started-at="2021-03-16T12:04:04 IST" data-provider="ReadData" finished-at="2021-03-16T12:04:15 IST">
          <params>
            <param index="0">
              <value>
                <![CDATA[Vidya]]>
              </value>
            </param>
            <param index="1">
              <value>
                <![CDATA[D]]>
              </value>
            </param>
            <param index="2">
              <value>
                <![CDATA[Matryx@matryxsoft.com]]>
              </value>
            </param>
            <param index="3">
              <value>
                <![CDATA[Request Information]]>
              </value>
            </param>
            <param index="4">
              <value>
                <![CDATA[Hi , I would like to get information about Ascential test automation tool ]]>
              </value>
            </param>
          </params>
          <reporter-output>
          </reporter-output>
        </test-method> <!-- ZeenyxTestcase -->
        <test-method status="PASS" signature="CaptureSnapshot(org.testng.ITestResult)[pri:0, instance:com.MS.Zeenyx.Testcases.Zeenyx_RequestInformation@4493d195]" name="CaptureSnapshot" is-config="true" duration-ms="12898" started-at="2021-03-16T12:04:15 IST" finished-at="2021-03-16T12:04:28 IST">
          <params>
            <param index="0">
              <value>
                <![CDATA[[TestResult name=ZeenyxTestcase status=SUCCESS method=Zeenyx_RequestInformation.ZeenyxTestcase(java.lang.String, java.lang.String, java.lang.String, java.lang.String, java.lang.String)[pri:0, instance:com.MS.Zeenyx.Testcases.Zeenyx_RequestInformation@4493d195] output={null}]]]>
              </value>
            </param>
          </params>
          <reporter-output>
            <line>
              <![CDATA[Test is about to end]]>
            </line>
            <line>
              <![CDATA[Test Completed >>>> Reports Generated]]>
            </line>
          </reporter-output>
        </test-method> <!-- CaptureSnapshot -->
        <test-method status="PASS" signature="AppOnFinish()[pri:0, instance:com.MS.Zeenyx.Testcases.Zeenyx_RequestInformation@4493d195]" name="AppOnFinish" is-config="true" duration-ms="5142" started-at="2021-03-16T12:04:28 IST" finished-at="2021-03-16T12:04:33 IST">
          <reporter-output>
          </reporter-output>
        </test-method> <!-- AppOnFinish -->
      </class> <!-- com.MS.Zeenyx.Testcases.Zeenyx_RequestInformation -->
    </test> <!-- Default test -->
  </suite> <!-- Default suite -->
</testng-results>
